
*** Running vivado
    with args -log project_reti_logiche.vds -m64 -product Vivado -mode batch -messageDb vivado.pb -notrace -source project_reti_logiche.tcl



****** Vivado v2020.2 (64-bit)
  **** SW Build 3064766 on Wed Nov 18 09:12:45 MST 2020
  **** IP Build 3064653 on Wed Nov 18 14:17:31 MST 2020
    ** Copyright 1986-2020 Xilinx, Inc. All Rights Reserved.

source project_reti_logiche.tcl -notrace
Command: synth_design -top project_reti_logiche -part xc7a200tfbv484-1
Starting synth_design
Attempting to get a license for feature 'Synthesis' and/or device 'xc7a200t'
INFO: [Common 17-349] Got license for feature 'Synthesis' and/or device 'xc7a200t'
INFO: [Device 21-403] Loading part xc7a200tfbv484-1
INFO: [Synth 8-7079] Multithreading enabled for synth_design using a maximum of 2 processes.
INFO: [Synth 8-7078] Launching helper process for spawning children vivado processes
INFO: [Synth 8-7075] Helper process launched with PID 15488
---------------------------------------------------------------------------------
Starting RTL Elaboration : Time (s): cpu = 00:00:05 ; elapsed = 00:00:07 . Memory (MB): peak = 1152.320 ; gain = 49.258
---------------------------------------------------------------------------------
INFO: [Synth 8-638] synthesizing module 'project_reti_logiche' [D:/Programming/Logic-Circuits-Project/final/final.srcs/sources_1/new/final.vhd:21]
INFO: [Synth 8-256] done synthesizing module 'project_reti_logiche' (1#1) [D:/Programming/Logic-Circuits-Project/final/final.srcs/sources_1/new/final.vhd:21]
---------------------------------------------------------------------------------
Finished RTL Elaboration : Time (s): cpu = 00:00:06 ; elapsed = 00:00:09 . Memory (MB): peak = 1208.918 ; gain = 105.855
---------------------------------------------------------------------------------
---------------------------------------------------------------------------------
Start Handling Custom Attributes
---------------------------------------------------------------------------------
---------------------------------------------------------------------------------
Finished Handling Custom Attributes : Time (s): cpu = 00:00:07 ; elapsed = 00:00:10 . Memory (MB): peak = 1208.918 ; gain = 105.855
---------------------------------------------------------------------------------
---------------------------------------------------------------------------------
Finished RTL Optimization Phase 1 : Time (s): cpu = 00:00:07 ; elapsed = 00:00:10 . Memory (MB): peak = 1208.918 ; gain = 105.855
---------------------------------------------------------------------------------
Netlist sorting complete. Time (s): cpu = 00:00:00 ; elapsed = 00:00:00.009 . Memory (MB): peak = 1208.918 ; gain = 0.000
INFO: [Project 1-570] Preparing netlist for logic optimization

Processing XDC Constraints
Initializing timing engine
Parsing XDC File [D:/Programming/Logic-Circuits-Project/final/final.srcs/constrs_1/imports/new/contr.xdc]
Finished Parsing XDC File [D:/Programming/Logic-Circuits-Project/final/final.srcs/constrs_1/imports/new/contr.xdc]
Completed Processing XDC Constraints

Netlist sorting complete. Time (s): cpu = 00:00:00 ; elapsed = 00:00:00.001 . Memory (MB): peak = 1320.801 ; gain = 0.000
INFO: [Project 1-111] Unisim Transformation Summary:
No Unisim elements were transformed.

Constraint Validation Runtime : Time (s): cpu = 00:00:00 ; elapsed = 00:00:00.058 . Memory (MB): peak = 1320.801 ; gain = 0.000
---------------------------------------------------------------------------------
Finished Constraint Validation : Time (s): cpu = 00:00:14 ; elapsed = 00:00:18 . Memory (MB): peak = 1320.801 ; gain = 217.738
---------------------------------------------------------------------------------
---------------------------------------------------------------------------------
Start Loading Part and Timing Information
---------------------------------------------------------------------------------
Loading part: xc7a200tfbv484-1
---------------------------------------------------------------------------------
Finished Loading Part and Timing Information : Time (s): cpu = 00:00:14 ; elapsed = 00:00:18 . Memory (MB): peak = 1320.801 ; gain = 217.738
---------------------------------------------------------------------------------
---------------------------------------------------------------------------------
Start Applying 'set_property' XDC Constraints
---------------------------------------------------------------------------------
---------------------------------------------------------------------------------
Finished applying 'set_property' XDC Constraints : Time (s): cpu = 00:00:14 ; elapsed = 00:00:18 . Memory (MB): peak = 1320.801 ; gain = 217.738
---------------------------------------------------------------------------------
INFO: [Synth 8-802] inferred FSM for state register 'state_reg' in module 'project_reti_logiche'
---------------------------------------------------------------------------------------------------
                   State |                     New Encoding |                Previous Encoding 
---------------------------------------------------------------------------------------------------
                   reset |          00000000000000000000001 |                            00000
                starting |          00000000000000000000010 |                            00001
                read_row |          00000000000000000000100 |                            00010
               read_next |          00000000000000000001000 |                            00011
                read_col |          00000000000000000010000 |                            00100
                    goon |          00000000000000000100000 |                            00101
                     mm0 |          00000000000000001000000 |                            00110
                     mm1 |          00000000000000010000000 |                            00111
                     mm2 |          00000000000000100000000 |                            01000
                     mm4 |          00000000000001000000000 |                            01010
                   delta |          00000000000010000000000 |                            01011
                   shift |          00000000000100000000000 |                            01100
                      s0 |          00000000001000000000000 |                            01101
                      s1 |          00000000010000000000000 |                            01110
                      s2 |          00000000100000000000000 |                            01111
                s2_shift |          00000001000000000000000 |                            10000
                      s3 |          00000010000000000000000 |                            10001
                      s4 |          00000100000000000000000 |                            10010
                      s5 |          00001000000000000000000 |                            10011
              conclusion |          00010000000000000000000 |                            10100
                  finish |          00100000000000000000000 |                            10101
                  iSTATE |          01000000000000000000000 |                            11111
                     mm3 |          10000000000000000000000 |                            01001
---------------------------------------------------------------------------------------------------
INFO: [Synth 8-3354] encoded FSM with state register 'state_reg' using encoding 'one-hot' in module 'project_reti_logiche'
---------------------------------------------------------------------------------
Finished RTL Optimization Phase 2 : Time (s): cpu = 00:00:14 ; elapsed = 00:00:19 . Memory (MB): peak = 1320.801 ; gain = 217.738
---------------------------------------------------------------------------------
---------------------------------------------------------------------------------
Start RTL Component Statistics 
---------------------------------------------------------------------------------
Detailed RTL Component Info : 
+---Adders : 
	   2 Input   17 Bit       Adders := 1     
	   2 Input   16 Bit       Adders := 2     
	   3 Input    8 Bit       Adders := 2     
	   2 Input    8 Bit       Adders := 2     
+---Registers : 
	               32 Bit    Registers := 1     
	               16 Bit    Registers := 4     
	                8 Bit    Registers := 9     
	                4 Bit    Registers := 1     
	                1 Bit    Registers := 3     
+---Muxes : 
	  23 Input   32 Bit        Muxes := 1     
	  22 Input   23 Bit        Muxes := 1     
	   2 Input   23 Bit        Muxes := 4     
	  23 Input   16 Bit        Muxes := 4     
	  23 Input    8 Bit        Muxes := 9     
	   2 Input    4 Bit        Muxes := 1     
	  23 Input    4 Bit        Muxes := 1     
	   2 Input    3 Bit        Muxes := 4     
	   2 Input    2 Bit        Muxes := 2     
	   8 Input    1 Bit        Muxes := 1     
	   2 Input    1 Bit        Muxes := 3     
	  23 Input    1 Bit        Muxes := 21    
---------------------------------------------------------------------------------
Finished RTL Component Statistics 
---------------------------------------------------------------------------------
---------------------------------------------------------------------------------
Start Part Resource Summary
---------------------------------------------------------------------------------
Part Resources:
DSPs: 740 (col length:100)
BRAMs: 730 (col length: RAMB18 100 RAMB36 50)
---------------------------------------------------------------------------------
Finished Part Resource Summary
---------------------------------------------------------------------------------
---------------------------------------------------------------------------------
Start Cross Boundary and Area Optimization
---------------------------------------------------------------------------------
---------------------------------------------------------------------------------
Finished Cross Boundary and Area Optimization : Time (s): cpu = 00:00:17 ; elapsed = 00:00:22 . Memory (MB): peak = 1320.801 ; gain = 217.738
---------------------------------------------------------------------------------
---------------------------------------------------------------------------------
Start Applying XDC Timing Constraints
---------------------------------------------------------------------------------
---------------------------------------------------------------------------------
Finished Applying XDC Timing Constraints : Time (s): cpu = 00:00:23 ; elapsed = 00:00:28 . Memory (MB): peak = 1320.801 ; gain = 217.738
---------------------------------------------------------------------------------
---------------------------------------------------------------------------------
Start Timing Optimization
---------------------------------------------------------------------------------
---------------------------------------------------------------------------------
Finished Timing Optimization : Time (s): cpu = 00:00:23 ; elapsed = 00:00:28 . Memory (MB): peak = 1320.801 ; gain = 217.738
---------------------------------------------------------------------------------
---------------------------------------------------------------------------------
Start Technology Mapping
---------------------------------------------------------------------------------
---------------------------------------------------------------------------------
Finished Technology Mapping : Time (s): cpu = 00:00:23 ; elapsed = 00:00:28 . Memory (MB): peak = 1323.145 ; gain = 220.082
---------------------------------------------------------------------------------
---------------------------------------------------------------------------------
Start IO Insertion
---------------------------------------------------------------------------------
---------------------------------------------------------------------------------
Start Flattening Before IO Insertion
---------------------------------------------------------------------------------
---------------------------------------------------------------------------------
Finished Flattening Before IO Insertion
---------------------------------------------------------------------------------
---------------------------------------------------------------------------------
Start Final Netlist Cleanup
---------------------------------------------------------------------------------
---------------------------------------------------------------------------------
Finished Final Netlist Cleanup
---------------------------------------------------------------------------------
---------------------------------------------------------------------------------
Finished IO Insertion : Time (s): cpu = 00:00:27 ; elapsed = 00:00:32 . Memory (MB): peak = 1330.395 ; gain = 227.332
---------------------------------------------------------------------------------
---------------------------------------------------------------------------------
Start Renaming Generated Instances
---------------------------------------------------------------------------------
---------------------------------------------------------------------------------
Finished Renaming Generated Instances : Time (s): cpu = 00:00:27 ; elapsed = 00:00:32 . Memory (MB): peak = 1330.395 ; gain = 227.332
---------------------------------------------------------------------------------
---------------------------------------------------------------------------------
Start Rebuilding User Hierarchy
---------------------------------------------------------------------------------
---------------------------------------------------------------------------------
Finished Rebuilding User Hierarchy : Time (s): cpu = 00:00:27 ; elapsed = 00:00:32 . Memory (MB): peak = 1330.395 ; gain = 227.332
---------------------------------------------------------------------------------
---------------------------------------------------------------------------------
Start Renaming Generated Ports
---------------------------------------------------------------------------------
---------------------------------------------------------------------------------
Finished Renaming Generated Ports : Time (s): cpu = 00:00:27 ; elapsed = 00:00:32 . Memory (MB): peak = 1330.395 ; gain = 227.332
---------------------------------------------------------------------------------
---------------------------------------------------------------------------------
Start Handling Custom Attributes
---------------------------------------------------------------------------------
---------------------------------------------------------------------------------
Finished Handling Custom Attributes : Time (s): cpu = 00:00:27 ; elapsed = 00:00:32 . Memory (MB): peak = 1330.395 ; gain = 227.332
---------------------------------------------------------------------------------
---------------------------------------------------------------------------------
Start Renaming Generated Nets
---------------------------------------------------------------------------------
---------------------------------------------------------------------------------
Finished Renaming Generated Nets : Time (s): cpu = 00:00:27 ; elapsed = 00:00:32 . Memory (MB): peak = 1330.395 ; gain = 227.332
---------------------------------------------------------------------------------
---------------------------------------------------------------------------------
Start Writing Synthesis Report
---------------------------------------------------------------------------------

Report BlackBoxes: 
+-+--------------+----------+
| |BlackBox name |Instances |
+-+--------------+----------+
+-+--------------+----------+

Report Cell Usage: 
+------+-------+------+
|      |Cell   |Count |
+------+-------+------+
|1     |BUFG   |     1|
|2     |CARRY4 |    22|
|3     |LUT1   |    23|
|4     |LUT2   |    31|
|5     |LUT3   |    23|
|6     |LUT4   |    76|
|7     |LUT5   |    26|
|8     |LUT6   |    42|
|9     |FDRE   |   165|
|10    |FDSE   |    17|
|11    |IBUF   |    11|
|12    |OBUF   |    27|
+------+-------+------+
---------------------------------------------------------------------------------
Finished Writing Synthesis Report : Time (s): cpu = 00:00:27 ; elapsed = 00:00:32 . Memory (MB): peak = 1330.395 ; gain = 227.332
---------------------------------------------------------------------------------
Synthesis finished with 0 errors, 0 critical warnings and 0 warnings.
Synthesis Optimization Runtime : Time (s): cpu = 00:00:18 ; elapsed = 00:00:29 . Memory (MB): peak = 1330.395 ; gain = 115.449
Synthesis Optimization Complete : Time (s): cpu = 00:00:27 ; elapsed = 00:00:32 . Memory (MB): peak = 1330.395 ; gain = 227.332
INFO: [Project 1-571] Translating synthesized netlist
Netlist sorting complete. Time (s): cpu = 00:00:00 ; elapsed = 00:00:00.006 . Memory (MB): peak = 1342.449 ; gain = 0.000
INFO: [Netlist 29-17] Analyzing 22 Unisim elements for replacement
INFO: [Netlist 29-28] Unisim Transformation completed in 0 CPU seconds
INFO: [Project 1-570] Preparing netlist for logic optimization
INFO: [Opt 31-138] Pushed 0 inverter(s) to 0 load pin(s).
Netlist sorting complete. Time (s): cpu = 00:00:00 ; elapsed = 00:00:00 . Memory (MB): peak = 1346.035 ; gain = 0.000
INFO: [Project 1-111] Unisim Transformation Summary:
No Unisim elements were transformed.

INFO: [Common 17-83] Releasing license: Synthesis
18 Infos, 0 Warnings, 0 Critical Warnings and 0 Errors encountered.
synth_design completed successfully
synth_design: Time (s): cpu = 00:00:34 ; elapsed = 00:00:46 . Memory (MB): peak = 1346.035 ; gain = 242.973
INFO: [Common 17-1381] The checkpoint 'D:/Programming/Logic-Circuits-Project/final/final.runs/synth_1/project_reti_logiche.dcp' has been generated.
INFO: [runtcl-4] Executing : report_utilization -file project_reti_logiche_utilization_synth.rpt -pb project_reti_logiche_utilization_synth.pb
INFO: [Common 17-206] Exiting Vivado at Mon Mar 15 10:17:19 2021...
